{"C:\\Users\\Pavel\\Git Projects\\GB Vue course\\gb_vue_project\\.eslintrc.js": {"path":"C:\\Users\\Pavel\\Git Projects\\GB Vue course\\gb_vue_project\\.eslintrc.js","statementMap":{"0":{"start":{"line":1,"column":0},"end":{"line":3,"column":1}}},"fnMap":{},"branchMap":{},"s":{"0":0},"f":{},"b":{}}
,"C:\\Users\\Pavel\\Git Projects\\GB Vue course\\gb_vue_project\\babel.config.js": {"path":"C:\\Users\\Pavel\\Git Projects\\GB Vue course\\gb_vue_project\\babel.config.js","statementMap":{"0":{"start":{"line":1,"column":0},"end":{"line":5,"column":1}}},"fnMap":{},"branchMap":{},"s":{"0":0},"f":{},"b":{}}
,"C:\\Users\\Pavel\\Git Projects\\GB Vue course\\gb_vue_project\\vue.config.js": {"path":"C:\\Users\\Pavel\\Git Projects\\GB Vue course\\gb_vue_project\\vue.config.js","statementMap":{"0":{"start":{"line":1,"column":0},"end":{"line":1,"column":19}}},"fnMap":{},"branchMap":{},"s":{"0":0},"f":{},"b":{}}
,"C:\\Users\\Pavel\\Git Projects\\GB Vue course\\gb_vue_project\\src\\App.vue": {"path":"C:\\Users\\Pavel\\Git Projects\\GB Vue course\\gb_vue_project\\src\\App.vue","statementMap":{"0":{"start":{"line":41,"column":0},"end":{"line":41,"column":null}},"1":{"start":{"line":42,"column":0},"end":{"line":42,"column":null}},"2":{"start":{"line":51,"column":0},"end":{"line":51,"column":null}},"3":{"start":{"line":64,"column":0},"end":{"line":64,"column":null}},"4":{"start":{"line":65,"column":0},"end":{"line":65,"column":null}},"5":{"start":{"line":69,"column":0},"end":{"line":69,"column":null}},"6":{"start":{"line":70,"column":0},"end":{"line":70,"column":null}},"7":{"start":{"line":73,"column":0},"end":{"line":73,"column":null}},"8":{"start":{"line":74,"column":0},"end":{"line":74,"column":null}},"9":{"start":{"line":75,"column":0},"end":{"line":75,"column":null}},"10":{"start":{"line":78,"column":0},"end":{"line":78,"column":null}},"11":{"start":{"line":82,"column":0},"end":{"line":82,"column":null}},"12":{"start":{"line":83,"column":0},"end":{"line":83,"column":null}},"13":{"start":{"line":84,"column":0},"end":{"line":84,"column":null}},"14":{"start":{"line":89,"column":0},"end":{"line":89,"column":null}},"15":{"start":{"line":90,"column":0},"end":{"line":90,"column":null}}},"fnMap":{"0":{"name":"data","decl":{"start":{"line":50,"column":0},"end":{"line":50,"column":null}},"loc":{"start":{"line":50,"column":0},"end":{"line":60,"column":null}}},"1":{"name":"onShown","decl":{"start":{"line":63,"column":0},"end":{"line":63,"column":null}},"loc":{"start":{"line":63,"column":0},"end":{"line":67,"column":null}}},"2":{"name":"onHide","decl":{"start":{"line":68,"column":0},"end":{"line":68,"column":null}},"loc":{"start":{"line":68,"column":0},"end":{"line":71,"column":null}}},"3":{"name":"openChangeItem","decl":{"start":{"line":72,"column":0},"end":{"line":72,"column":null}},"loc":{"start":{"line":72,"column":0},"end":{"line":76,"column":null}}},"4":{"name":"closeChangeMenu","decl":{"start":{"line":77,"column":0},"end":{"line":77,"column":null}},"loc":{"start":{"line":77,"column":0},"end":{"line":79,"column":null}}},"5":{"name":"mounted","decl":{"start":{"line":81,"column":0},"end":{"line":81,"column":null}},"loc":{"start":{"line":81,"column":0},"end":{"line":85,"column":null}}},"6":{"name":"created","decl":{"start":{"line":87,"column":0},"end":{"line":87,"column":null}},"loc":{"start":{"line":87,"column":0},"end":{"line":91,"column":null}}}},"branchMap":{},"s":{"0":0,"1":0,"2":0,"3":0,"4":0,"5":0,"6":0,"7":0,"8":0,"9":0,"10":0,"11":0,"12":0,"13":0,"14":0,"15":0},"f":{"0":0,"1":0,"2":0,"3":0,"4":0,"5":0,"6":0},"b":{}}
,"C:\\Users\\Pavel\\Git Projects\\GB Vue course\\gb_vue_project\\src\\main.js": {"path":"C:\\Users\\Pavel\\Git Projects\\GB Vue course\\gb_vue_project\\src\\main.js","statementMap":{"0":{"start":{"line":4,"column":0},"end":{"line":4,"column":32}},"1":{"start":{"line":11,"column":0},"end":{"line":11,"column":20}},"2":{"start":{"line":12,"column":0},"end":{"line":12,"column":14}},"3":{"start":{"line":14,"column":0},"end":{"line":19,"column":17}},"4":{"start":{"line":16,"column":17},"end":{"line":16,"column":23}}},"fnMap":{"0":{"name":"(anonymous_0)","decl":{"start":{"line":16,"column":12},"end":{"line":16,"column":13}},"loc":{"start":{"line":16,"column":17},"end":{"line":16,"column":23}},"line":16}},"branchMap":{},"s":{"0":0,"1":0,"2":0,"3":0,"4":0},"f":{"0":0},"b":{}}
,"C:\\Users\\Pavel\\Git Projects\\GB Vue course\\gb_vue_project\\src\\components\\AddPaymentForm.vue": {"path":"C:\\Users\\Pavel\\Git Projects\\GB Vue course\\gb_vue_project\\src\\components\\AddPaymentForm.vue","statementMap":{"0":{"start":{"line":13,"column":0},"end":{"line":13,"column":null}},"1":{"start":{"line":19,"column":0},"end":{"line":19,"column":null}},"2":{"start":{"line":28,"column":0},"end":{"line":28,"column":null}},"3":{"start":{"line":29,"column":0},"end":{"line":29,"column":null}},"4":{"start":{"line":30,"column":0},"end":{"line":30,"column":null}},"5":{"start":{"line":31,"column":0},"end":{"line":31,"column":null}},"6":{"start":{"line":32,"column":0},"end":{"line":32,"column":null}},"7":{"start":{"line":37,"column":0},"end":{"line":37,"column":null}},"8":{"start":{"line":38,"column":0},"end":{"line":38,"column":null}},"9":{"start":{"line":44,"column":0},"end":{"line":47,"column":null}},"10":{"start":{"line":46,"column":0},"end":{"line":46,"column":null}},"11":{"start":{"line":52,"column":0},"end":{"line":52,"column":null}},"12":{"start":{"line":53,"column":0},"end":{"line":55,"column":null}},"13":{"start":{"line":54,"column":0},"end":{"line":54,"column":null}},"14":{"start":{"line":57,"column":0},"end":{"line":57,"column":null}},"15":{"start":{"line":58,"column":0},"end":{"line":60,"column":null}},"16":{"start":{"line":59,"column":0},"end":{"line":59,"column":null}},"17":{"start":{"line":62,"column":0},"end":{"line":66,"column":null}},"18":{"start":{"line":63,"column":0},"end":{"line":63,"column":null}},"19":{"start":{"line":64,"column":0},"end":{"line":64,"column":null}},"20":{"start":{"line":65,"column":0},"end":{"line":65,"column":null}}},"fnMap":{"0":{"name":"data","decl":{"start":{"line":18,"column":0},"end":{"line":18,"column":null}},"loc":{"start":{"line":18,"column":0},"end":{"line":24,"column":null}}},"1":{"name":"getCurrentDate","decl":{"start":{"line":27,"column":0},"end":{"line":27,"column":null}},"loc":{"start":{"line":27,"column":0},"end":{"line":33,"column":null}}},"2":{"name":"onSaveClick","decl":{"start":{"line":36,"column":0},"end":{"line":36,"column":null}},"loc":{"start":{"line":36,"column":0},"end":{"line":48,"column":null}}},"3":{"name":"$route","decl":{"start":{"line":51,"column":0},"end":{"line":51,"column":null}},"loc":{"start":{"line":51,"column":0},"end":{"line":67,"column":null}}}},"branchMap":{"0":{"loc":{"start":{"line":42,"column":0},"end":{"line":42,"column":null}},"type":"binary-expr","locations":[{"start":{"line":42,"column":0},"end":{"line":42,"column":null}},{"start":{"line":42,"column":0},"end":{"line":42,"column":null}}]},"1":{"loc":{"start":{"line":44,"column":0},"end":{"line":47,"column":null}},"type":"if","locations":[{"start":{"line":44,"column":0},"end":{"line":47,"column":null}}]},"2":{"loc":{"start":{"line":44,"column":0},"end":{"line":44,"column":null}},"type":"binary-expr","locations":[{"start":{"line":44,"column":0},"end":{"line":44,"column":null}},{"start":{"line":44,"column":0},"end":{"line":44,"column":null}},{"start":{"line":44,"column":0},"end":{"line":44,"column":null}}]},"3":{"loc":{"start":{"line":53,"column":0},"end":{"line":55,"column":null}},"type":"if","locations":[{"start":{"line":53,"column":0},"end":{"line":55,"column":null}}]},"4":{"loc":{"start":{"line":58,"column":0},"end":{"line":60,"column":null}},"type":"if","locations":[{"start":{"line":58,"column":0},"end":{"line":60,"column":null}}]},"5":{"loc":{"start":{"line":62,"column":0},"end":{"line":66,"column":null}},"type":"if","locations":[{"start":{"line":62,"column":0},"end":{"line":66,"column":null}}]},"6":{"loc":{"start":{"line":62,"column":0},"end":{"line":62,"column":null}},"type":"binary-expr","locations":[{"start":{"line":62,"column":0},"end":{"line":62,"column":null}},{"start":{"line":62,"column":0},"end":{"line":62,"column":null}}]}},"s":{"0":0,"1":0,"2":0,"3":0,"4":0,"5":0,"6":0,"7":0,"8":0,"9":0,"10":0,"11":0,"12":0,"13":0,"14":0,"15":0,"16":0,"17":0,"18":0,"19":0,"20":0},"f":{"0":0,"1":0,"2":0,"3":0},"b":{"0":[0,0],"1":[0],"2":[0,0,0],"3":[0],"4":[0],"5":[0],"6":[0,0]}}
,"C:\\Users\\Pavel\\Git Projects\\GB Vue course\\gb_vue_project\\src\\components\\Calculator.vue": {"path":"C:\\Users\\Pavel\\Git Projects\\GB Vue course\\gb_vue_project\\src\\components\\Calculator.vue","statementMap":{"0":{"start":{"line":74,"column":0},"end":{"line":74,"column":null}},"1":{"start":{"line":78,"column":0},"end":{"line":78,"column":null}},"2":{"start":{"line":104,"column":0},"end":{"line":104,"column":null}},"3":{"start":{"line":105,"column":0},"end":{"line":105,"column":null}},"4":{"start":{"line":108,"column":0},"end":{"line":108,"column":null}},"5":{"start":{"line":109,"column":0},"end":{"line":109,"column":null}},"6":{"start":{"line":112,"column":0},"end":{"line":112,"column":null}},"7":{"start":{"line":113,"column":0},"end":{"line":118,"column":null}},"8":{"start":{"line":114,"column":0},"end":{"line":114,"column":null}},"9":{"start":{"line":116,"column":0},"end":{"line":116,"column":null}},"10":{"start":{"line":117,"column":0},"end":{"line":117,"column":null}},"11":{"start":{"line":121,"column":0},"end":{"line":121,"column":null}},"12":{"start":{"line":122,"column":0},"end":{"line":122,"column":null}},"13":{"start":{"line":125,"column":0},"end":{"line":125,"column":null}},"14":{"start":{"line":126,"column":0},"end":{"line":126,"column":null}},"15":{"start":{"line":129,"column":0},"end":{"line":129,"column":null}},"16":{"start":{"line":131,"column":0},"end":{"line":131,"column":null}},"17":{"start":{"line":133,"column":0},"end":{"line":133,"column":null}},"18":{"start":{"line":134,"column":0},"end":{"line":134,"column":null}},"19":{"start":{"line":135,"column":0},"end":{"line":135,"column":null}},"20":{"start":{"line":137,"column":0},"end":{"line":137,"column":null}},"21":{"start":{"line":138,"column":0},"end":{"line":138,"column":null}},"22":{"start":{"line":140,"column":0},"end":{"line":140,"column":null}},"23":{"start":{"line":141,"column":0},"end":{"line":141,"column":null}},"24":{"start":{"line":143,"column":0},"end":{"line":143,"column":null}},"25":{"start":{"line":144,"column":0},"end":{"line":144,"column":null}},"26":{"start":{"line":146,"column":0},"end":{"line":146,"column":null}},"27":{"start":{"line":147,"column":0},"end":{"line":147,"column":null}},"28":{"start":{"line":149,"column":0},"end":{"line":149,"column":null}},"29":{"start":{"line":150,"column":0},"end":{"line":150,"column":null}},"30":{"start":{"line":152,"column":0},"end":{"line":152,"column":null}},"31":{"start":{"line":153,"column":0},"end":{"line":153,"column":null}},"32":{"start":{"line":155,"column":0},"end":{"line":155,"column":null}},"33":{"start":{"line":156,"column":0},"end":{"line":156,"column":null}},"34":{"start":{"line":157,"column":0},"end":{"line":157,"column":null}},"35":{"start":{"line":160,"column":0},"end":{"line":160,"column":null}},"36":{"start":{"line":163,"column":0},"end":{"line":176,"column":null}},"37":{"start":{"line":164,"column":0},"end":{"line":164,"column":null}},"38":{"start":{"line":166,"column":0},"end":{"line":172,"column":null}},"39":{"start":{"line":167,"column":0},"end":{"line":167,"column":null}},"40":{"start":{"line":168,"column":0},"end":{"line":168,"column":null}},"41":{"start":{"line":170,"column":0},"end":{"line":172,"column":null}},"42":{"start":{"line":171,"column":0},"end":{"line":171,"column":null}},"43":{"start":{"line":173,"column":0},"end":{"line":176,"column":null}},"44":{"start":{"line":174,"column":0},"end":{"line":174,"column":null}},"45":{"start":{"line":176,"column":0},"end":{"line":176,"column":null}}},"fnMap":{"0":{"name":"data","decl":{"start":{"line":77,"column":0},"end":{"line":77,"column":null}},"loc":{"start":{"line":77,"column":0},"end":{"line":101,"column":null}}},"1":{"name":"add","decl":{"start":{"line":103,"column":0},"end":{"line":103,"column":null}},"loc":{"start":{"line":103,"column":0},"end":{"line":106,"column":null}}},"2":{"name":"substract","decl":{"start":{"line":107,"column":0},"end":{"line":107,"column":null}},"loc":{"start":{"line":107,"column":0},"end":{"line":110,"column":null}}},"3":{"name":"divide","decl":{"start":{"line":111,"column":0},"end":{"line":111,"column":null}},"loc":{"start":{"line":111,"column":0},"end":{"line":119,"column":null}}},"4":{"name":"multiply","decl":{"start":{"line":120,"column":0},"end":{"line":120,"column":null}},"loc":{"start":{"line":120,"column":0},"end":{"line":123,"column":null}}},"5":{"name":"pow","decl":{"start":{"line":124,"column":0},"end":{"line":124,"column":null}},"loc":{"start":{"line":124,"column":0},"end":{"line":127,"column":null}}},"6":{"name":"intDivision","decl":{"start":{"line":128,"column":0},"end":{"line":128,"column":null}},"loc":{"start":{"line":128,"column":0},"end":{"line":132,"column":null}}},"7":{"name":"calculate","decl":{"start":{"line":133,"column":0},"end":{"line":133,"column":null}},"loc":{"start":{"line":133,"column":0},"end":{"line":158,"column":null}}},"8":{"name":"fib","decl":{"start":{"line":159,"column":0},"end":{"line":159,"column":null}},"loc":{"start":{"line":159,"column":0},"end":{"line":161,"column":null}}},"9":{"name":"enterNum","decl":{"start":{"line":162,"column":0},"end":{"line":162,"column":null}},"loc":{"start":{"line":162,"column":0},"end":{"line":177,"column":null}}}},"branchMap":{"0":{"loc":{"start":{"line":113,"column":0},"end":{"line":118,"column":null}},"type":"if","locations":[{"start":{"line":113,"column":0},"end":{"line":118,"column":null}},{"start":{"line":115,"column":0},"end":{"line":118,"column":null}}]},"1":{"loc":{"start":{"line":133,"column":0},"end":{"line":133,"column":null}},"type":"cond-expr","locations":[{"start":{"line":133,"column":0},"end":{"line":133,"column":null}},{"start":{"line":133,"column":0},"end":{"line":133,"column":null}}]},"2":{"loc":{"start":{"line":135,"column":0},"end":{"line":135,"column":null}},"type":"switch","locations":[{"start":{"line":136,"column":0},"end":{"line":138,"column":null}},{"start":{"line":139,"column":0},"end":{"line":141,"column":null}},{"start":{"line":142,"column":0},"end":{"line":144,"column":null}},{"start":{"line":145,"column":0},"end":{"line":147,"column":null}},{"start":{"line":148,"column":0},"end":{"line":150,"column":null}},{"start":{"line":151,"column":0},"end":{"line":153,"column":null}}]},"3":{"loc":{"start":{"line":160,"column":0},"end":{"line":160,"column":null}},"type":"cond-expr","locations":[{"start":{"line":160,"column":0},"end":{"line":160,"column":null}},{"start":{"line":160,"column":0},"end":{"line":160,"column":null}}]},"4":{"loc":{"start":{"line":163,"column":0},"end":{"line":176,"column":null}},"type":"if","locations":[{"start":{"line":163,"column":0},"end":{"line":176,"column":null}},{"start":{"line":173,"column":0},"end":{"line":176,"column":null}}]},"5":{"loc":{"start":{"line":166,"column":0},"end":{"line":172,"column":null}},"type":"if","locations":[{"start":{"line":166,"column":0},"end":{"line":172,"column":null}},{"start":{"line":170,"column":0},"end":{"line":172,"column":null}}]},"6":{"loc":{"start":{"line":170,"column":0},"end":{"line":172,"column":null}},"type":"if","locations":[{"start":{"line":170,"column":0},"end":{"line":172,"column":null}}]},"7":{"loc":{"start":{"line":173,"column":0},"end":{"line":176,"column":null}},"type":"if","locations":[{"start":{"line":173,"column":0},"end":{"line":176,"column":null}},{"start":{"line":176,"column":0},"end":{"line":176,"column":null}}]}},"s":{"0":1,"1":19,"2":1,"3":1,"4":1,"5":1,"6":2,"7":1,"8":0,"9":1,"10":1,"11":1,"12":1,"13":1,"14":1,"15":1,"16":1,"17":6,"18":6,"19":6,"20":1,"21":1,"22":1,"23":1,"24":1,"25":1,"26":1,"27":1,"28":1,"29":1,"30":1,"31":1,"32":6,"33":6,"34":6,"35":0,"36":12,"37":1,"38":1,"39":1,"40":1,"41":0,"42":0,"43":11,"44":11,"45":0},"f":{"0":19,"1":1,"2":1,"3":1,"4":1,"5":1,"6":1,"7":6,"8":0,"9":12},"b":{"0":[0,1],"1":[12,6],"2":[1,1,1,1,1,1],"3":[0,0],"4":[1,11],"5":[1,0],"6":[0],"7":[11,0]}}
,"C:\\Users\\Pavel\\Git Projects\\GB Vue course\\gb_vue_project\\src\\components\\ContextMenu.vue": {"path":"C:\\Users\\Pavel\\Git Projects\\GB Vue course\\gb_vue_project\\src\\components\\ContextMenu.vue","statementMap":{"0":{"start":{"line":19,"column":0},"end":{"line":19,"column":null}},"1":{"start":{"line":24,"column":0},"end":{"line":24,"column":null}},"2":{"start":{"line":35,"column":0},"end":{"line":35,"column":null}},"3":{"start":{"line":37,"column":0},"end":{"line":37,"column":null}},"4":{"start":{"line":38,"column":0},"end":{"line":38,"column":null}},"5":{"start":{"line":39,"column":0},"end":{"line":39,"column":null}},"6":{"start":{"line":42,"column":0},"end":{"line":42,"column":null}},"7":{"start":{"line":43,"column":0},"end":{"line":43,"column":null}},"8":{"start":{"line":44,"column":0},"end":{"line":44,"column":null}},"9":{"start":{"line":47,"column":0},"end":{"line":47,"column":null}},"10":{"start":{"line":48,"column":0},"end":{"line":48,"column":null}},"11":{"start":{"line":49,"column":0},"end":{"line":49,"column":null}},"12":{"start":{"line":53,"column":0},"end":{"line":53,"column":null}},"13":{"start":{"line":54,"column":0},"end":{"line":54,"column":null}},"14":{"start":{"line":57,"column":0},"end":{"line":57,"column":null}},"15":{"start":{"line":58,"column":0},"end":{"line":58,"column":null}}},"fnMap":{"0":{"name":"data","decl":{"start":{"line":23,"column":0},"end":{"line":23,"column":null}},"loc":{"start":{"line":23,"column":0},"end":{"line":32,"column":null}}},"1":{"name":"onShown","decl":{"start":{"line":35,"column":0},"end":{"line":35,"column":null}},"loc":{"start":{"line":35,"column":0},"end":{"line":40,"column":null}}},"2":{"name":"onClose","decl":{"start":{"line":41,"column":0},"end":{"line":41,"column":null}},"loc":{"start":{"line":41,"column":0},"end":{"line":45,"column":null}}},"3":{"name":"saveChange","decl":{"start":{"line":46,"column":0},"end":{"line":46,"column":null}},"loc":{"start":{"line":46,"column":0},"end":{"line":50,"column":null}}},"4":{"name":"mounted","decl":{"start":{"line":52,"column":0},"end":{"line":52,"column":null}},"loc":{"start":{"line":52,"column":0},"end":{"line":55,"column":null}}},"5":{"name":"beforeDestroy","decl":{"start":{"line":56,"column":0},"end":{"line":56,"column":null}},"loc":{"start":{"line":56,"column":0},"end":{"line":59,"column":null}}}},"branchMap":{},"s":{"0":0,"1":0,"2":0,"3":0,"4":0,"5":0,"6":0,"7":0,"8":0,"9":0,"10":0,"11":0,"12":0,"13":0,"14":0,"15":0},"f":{"0":0,"1":0,"2":0,"3":0,"4":0,"5":0},"b":{}}
,"C:\\Users\\Pavel\\Git Projects\\GB Vue course\\gb_vue_project\\src\\components\\ModalWindow.vue": {"path":"C:\\Users\\Pavel\\Git Projects\\GB Vue course\\gb_vue_project\\src\\components\\ModalWindow.vue","statementMap":{"0":{"start":{"line":18,"column":0},"end":{"line":18,"column":null}}},"fnMap":{},"branchMap":{},"s":{"0":0},"f":{},"b":{}}
,"C:\\Users\\Pavel\\Git Projects\\GB Vue course\\gb_vue_project\\src\\components\\Pagination.vue": {"path":"C:\\Users\\Pavel\\Git Projects\\GB Vue course\\gb_vue_project\\src\\components\\Pagination.vue","statementMap":{"0":{"start":{"line":29,"column":0},"end":{"line":31,"column":null}},"1":{"start":{"line":30,"column":0},"end":{"line":30,"column":null}},"2":{"start":{"line":32,"column":0},"end":{"line":32,"column":null}},"3":{"start":{"line":37,"column":0},"end":{"line":37,"column":null}},"4":{"start":{"line":38,"column":0},"end":{"line":40,"column":null}},"5":{"start":{"line":39,"column":0},"end":{"line":39,"column":null}},"6":{"start":{"line":40,"column":0},"end":{"line":40,"column":null}}},"fnMap":{"0":{"name":"onClick","decl":{"start":{"line":28,"column":0},"end":{"line":28,"column":null}},"loc":{"start":{"line":28,"column":0},"end":{"line":33,"column":null}}},"1":{"name":"countPages","decl":{"start":{"line":36,"column":0},"end":{"line":36,"column":null}},"loc":{"start":{"line":36,"column":0},"end":{"line":41,"column":null}}}},"branchMap":{"0":{"loc":{"start":{"line":29,"column":0},"end":{"line":31,"column":null}},"type":"if","locations":[{"start":{"line":29,"column":0},"end":{"line":31,"column":null}}]},"1":{"loc":{"start":{"line":29,"column":0},"end":{"line":29,"column":null}},"type":"binary-expr","locations":[{"start":{"line":29,"column":0},"end":{"line":29,"column":null}},{"start":{"line":29,"column":0},"end":{"line":29,"column":null}}]},"2":{"loc":{"start":{"line":38,"column":0},"end":{"line":40,"column":null}},"type":"if","locations":[{"start":{"line":38,"column":0},"end":{"line":40,"column":null}},{"start":{"line":40,"column":0},"end":{"line":40,"column":null}}]}},"s":{"0":0,"1":0,"2":0,"3":0,"4":0,"5":0,"6":0},"f":{"0":0,"1":0},"b":{"0":[0],"1":[0,0],"2":[0,0]}}
,"C:\\Users\\Pavel\\Git Projects\\GB Vue course\\gb_vue_project\\src\\components\\PaymentsDisplay.vue": {"path":"C:\\Users\\Pavel\\Git Projects\\GB Vue course\\gb_vue_project\\src\\components\\PaymentsDisplay.vue","statementMap":{"0":{"start":{"line":22,"column":0},"end":{"line":22,"column":null}},"1":{"start":{"line":28,"column":0},"end":{"line":28,"column":null}},"2":{"start":{"line":33,"column":0},"end":{"line":33,"column":null}},"3":{"start":{"line":34,"column":0},"end":{"line":41,"column":null}},"4":{"start":{"line":38,"column":0},"end":{"line":38,"column":null}},"5":{"start":{"line":44,"column":0},"end":{"line":44,"column":null}},"6":{"start":{"line":45,"column":0},"end":{"line":45,"column":null}},"7":{"start":{"line":49,"column":0},"end":{"line":49,"column":null}},"8":{"start":{"line":52,"column":0},"end":{"line":52,"column":null}},"9":{"start":{"line":54,"column":0},"end":{"line":54,"column":null}}},"fnMap":{"0":{"name":"_default","decl":{"start":{"line":28,"column":0},"end":{"line":28,"column":null}},"loc":{"start":{"line":28,"column":0},"end":{"line":28,"column":null}}},"1":{"name":"onClickItem","decl":{"start":{"line":33,"column":0},"end":{"line":33,"column":null}},"loc":{"start":{"line":33,"column":0},"end":{"line":50,"column":null}}},"2":{"name":"action","decl":{"start":{"line":37,"column":0},"end":{"line":37,"column":null}},"loc":{"start":{"line":37,"column":0},"end":{"line":39,"column":null}}},"3":{"name":"action","decl":{"start":{"line":43,"column":0},"end":{"line":43,"column":null}},"loc":{"start":{"line":43,"column":0},"end":{"line":46,"column":null}}},"4":{"name":"actionDelete","decl":{"start":{"line":51,"column":0},"end":{"line":51,"column":null}},"loc":{"start":{"line":51,"column":0},"end":{"line":55,"column":null}}}},"branchMap":{},"s":{"0":0,"1":0,"2":0,"3":0,"4":0,"5":0,"6":0,"7":0,"8":0,"9":0},"f":{"0":0,"1":0,"2":0,"3":0,"4":0},"b":{}}
,"C:\\Users\\Pavel\\Git Projects\\GB Vue course\\gb_vue_project\\src\\components\\SelectCategory.vue": {"path":"C:\\Users\\Pavel\\Git Projects\\GB Vue course\\gb_vue_project\\src\\components\\SelectCategory.vue","statementMap":{"0":{"start":{"line":19,"column":0},"end":{"line":19,"column":null}},"1":{"start":{"line":29,"column":0},"end":{"line":29,"column":null}},"2":{"start":{"line":39,"column":0},"end":{"line":39,"column":null}},"3":{"start":{"line":43,"column":0},"end":{"line":45,"column":null}},"4":{"start":{"line":44,"column":0},"end":{"line":44,"column":null}}},"fnMap":{"0":{"name":"data","decl":{"start":{"line":28,"column":0},"end":{"line":28,"column":null}},"loc":{"start":{"line":28,"column":0},"end":{"line":32,"column":null}}},"1":{"name":"onChange","decl":{"start":{"line":38,"column":0},"end":{"line":38,"column":null}},"loc":{"start":{"line":38,"column":0},"end":{"line":40,"column":null}}},"2":{"name":"mounted","decl":{"start":{"line":42,"column":0},"end":{"line":42,"column":null}},"loc":{"start":{"line":42,"column":0},"end":{"line":46,"column":null}}}},"branchMap":{"0":{"loc":{"start":{"line":43,"column":0},"end":{"line":45,"column":null}},"type":"if","locations":[{"start":{"line":43,"column":0},"end":{"line":45,"column":null}}]}},"s":{"0":0,"1":0,"2":0,"3":0,"4":0},"f":{"0":0,"1":0,"2":0},"b":{"0":[0]}}
,"C:\\Users\\Pavel\\Git Projects\\GB Vue course\\gb_vue_project\\src\\plugins\\ContextMenu\\index.js": {"path":"C:\\Users\\Pavel\\Git Projects\\GB Vue course\\gb_vue_project\\src\\plugins\\ContextMenu\\index.js","statementMap":{"0":{"start":{"line":3,"column":8},"end":{"line":5,"column":9}},"1":{"start":{"line":4,"column":12},"end":{"line":4,"column":18}},"2":{"start":{"line":7,"column":8},"end":{"line":7,"column":29}},"3":{"start":{"line":8,"column":8},"end":{"line":8,"column":27}},"4":{"start":{"line":10,"column":8},"end":{"line":30,"column":9}},"5":{"start":{"line":15,"column":31},"end":{"line":15,"column":43}},"6":{"start":{"line":17,"column":16},"end":{"line":20,"column":34}},"7":{"start":{"line":18,"column":20},"end":{"line":18,"column":41}},"8":{"start":{"line":19,"column":20},"end":{"line":19,"column":67}},"9":{"start":{"line":20,"column":23},"end":{"line":20,"column":34}},"10":{"start":{"line":24,"column":16},"end":{"line":24,"column":43}},"11":{"start":{"line":25,"column":16},"end":{"line":25,"column":34}},"12":{"start":{"line":28,"column":16},"end":{"line":28,"column":60}}},"fnMap":{"0":{"name":"(anonymous_0)","decl":{"start":{"line":2,"column":4},"end":{"line":2,"column":5}},"loc":{"start":{"line":2,"column":17},"end":{"line":31,"column":5}},"line":2},"1":{"name":"(anonymous_1)","decl":{"start":{"line":13,"column":12},"end":{"line":13,"column":13}},"loc":{"start":{"line":13,"column":35},"end":{"line":21,"column":13}},"line":13},"2":{"name":"(anonymous_2)","decl":{"start":{"line":23,"column":12},"end":{"line":23,"column":13}},"loc":{"start":{"line":23,"column":19},"end":{"line":26,"column":13}},"line":23},"3":{"name":"(anonymous_3)","decl":{"start":{"line":27,"column":12},"end":{"line":27,"column":13}},"loc":{"start":{"line":27,"column":29},"end":{"line":29,"column":13}},"line":27}},"branchMap":{"0":{"loc":{"start":{"line":3,"column":8},"end":{"line":5,"column":9}},"type":"if","locations":[{"start":{"line":3,"column":8},"end":{"line":5,"column":9}},{"start":{},"end":{}}],"line":3},"1":{"loc":{"start":{"line":17,"column":16},"end":{"line":20,"column":34}},"type":"if","locations":[{"start":{"line":17,"column":16},"end":{"line":20,"column":34}},{"start":{"line":20,"column":23},"end":{"line":20,"column":34}}],"line":17}},"s":{"0":0,"1":0,"2":0,"3":0,"4":0,"5":0,"6":0,"7":0,"8":0,"9":0,"10":0,"11":0,"12":0},"f":{"0":0,"1":0,"2":0,"3":0},"b":{"0":[0,0],"1":[0,0]}}
,"C:\\Users\\Pavel\\Git Projects\\GB Vue course\\gb_vue_project\\src\\plugins\\ModalWindow\\index.js": {"path":"C:\\Users\\Pavel\\Git Projects\\GB Vue course\\gb_vue_project\\src\\plugins\\ModalWindow\\index.js","statementMap":{"0":{"start":{"line":3,"column":8},"end":{"line":5,"column":9}},"1":{"start":{"line":4,"column":12},"end":{"line":4,"column":18}},"2":{"start":{"line":7,"column":8},"end":{"line":7,"column":29}},"3":{"start":{"line":9,"column":8},"end":{"line":23,"column":9}},"4":{"start":{"line":14,"column":16},"end":{"line":14,"column":64}},"5":{"start":{"line":18,"column":16},"end":{"line":18,"column":43}},"6":{"start":{"line":21,"column":16},"end":{"line":21,"column":60}}},"fnMap":{"0":{"name":"(anonymous_0)","decl":{"start":{"line":2,"column":4},"end":{"line":2,"column":5}},"loc":{"start":{"line":2,"column":17},"end":{"line":24,"column":5}},"line":2},"1":{"name":"(anonymous_1)","decl":{"start":{"line":12,"column":12},"end":{"line":12,"column":13}},"loc":{"start":{"line":12,"column":33},"end":{"line":15,"column":13}},"line":12},"2":{"name":"(anonymous_2)","decl":{"start":{"line":17,"column":12},"end":{"line":17,"column":13}},"loc":{"start":{"line":17,"column":19},"end":{"line":19,"column":13}},"line":17},"3":{"name":"(anonymous_3)","decl":{"start":{"line":20,"column":12},"end":{"line":20,"column":13}},"loc":{"start":{"line":20,"column":29},"end":{"line":22,"column":13}},"line":20}},"branchMap":{"0":{"loc":{"start":{"line":3,"column":8},"end":{"line":5,"column":9}},"type":"if","locations":[{"start":{"line":3,"column":8},"end":{"line":5,"column":9}},{"start":{},"end":{}}],"line":3}},"s":{"0":0,"1":0,"2":0,"3":0,"4":0,"5":0,"6":0},"f":{"0":0,"1":0,"2":0,"3":0},"b":{"0":[0,0]}}
,"C:\\Users\\Pavel\\Git Projects\\GB Vue course\\gb_vue_project\\src\\router\\index.js": {"path":"C:\\Users\\Pavel\\Git Projects\\GB Vue course\\gb_vue_project\\src\\router\\index.js","statementMap":{"0":{"start":{"line":10,"column":0},"end":{"line":10,"column":18}},"1":{"start":{"line":12,"column":15},"end":{"line":39,"column":4}},"2":{"start":{"line":42,"column":15},"end":{"line":47,"column":2}}},"fnMap":{},"branchMap":{},"s":{"0":0,"1":0,"2":0},"f":{},"b":{}}
,"C:\\Users\\Pavel\\Git Projects\\GB Vue course\\gb_vue_project\\src\\store\\index.js": {"path":"C:\\Users\\Pavel\\Git Projects\\GB Vue course\\gb_vue_project\\src\\store\\index.js","statementMap":{"0":{"start":{"line":4,"column":0},"end":{"line":4,"column":13}},"1":{"start":{"line":13,"column":12},"end":{"line":13,"column":47}},"2":{"start":{"line":17,"column":12},"end":{"line":19,"column":13}},"3":{"start":{"line":18,"column":16},"end":{"line":18,"column":35}},"4":{"start":{"line":20,"column":12},"end":{"line":24,"column":15}},"5":{"start":{"line":21,"column":16},"end":{"line":23,"column":55}},"6":{"start":{"line":21,"column":50},"end":{"line":21,"column":69}},"7":{"start":{"line":22,"column":20},"end":{"line":22,"column":26}},"8":{"start":{"line":23,"column":23},"end":{"line":23,"column":55}},"9":{"start":{"line":27,"column":12},"end":{"line":29,"column":13}},"10":{"start":{"line":28,"column":16},"end":{"line":28,"column":35}},"11":{"start":{"line":30,"column":12},"end":{"line":30,"column":47}},"12":{"start":{"line":33,"column":12},"end":{"line":33,"column":44}},"13":{"start":{"line":36,"column":12},"end":{"line":36,"column":57}},"14":{"start":{"line":39,"column":24},"end":{"line":39,"column":75}},"15":{"start":{"line":39,"column":61},"end":{"line":39,"column":74}},"16":{"start":{"line":40,"column":12},"end":{"line":40,"column":47}},"17":{"start":{"line":43,"column":24},"end":{"line":43,"column":83}},"18":{"start":{"line":43,"column":61},"end":{"line":43,"column":82}},"19":{"start":{"line":44,"column":12},"end":{"line":44,"column":48}},"20":{"start":{"line":49,"column":34},"end":{"line":49,"column":52}},"21":{"start":{"line":51,"column":12},"end":{"line":51,"column":79}},"22":{"start":{"line":51,"column":59},"end":{"line":51,"column":75}},"23":{"start":{"line":53,"column":34},"end":{"line":53,"column":52}},"24":{"start":{"line":54,"column":31},"end":{"line":54,"column":46}},"25":{"start":{"line":58,"column":12},"end":{"line":73,"column":15}},"26":{"start":{"line":59,"column":16},"end":{"line":70,"column":25}},"27":{"start":{"line":60,"column":34},"end":{"line":60,"column":36}},"28":{"start":{"line":61,"column":20},"end":{"line":68,"column":21}},"29":{"start":{"line":61,"column":33},"end":{"line":61,"column":34}},"30":{"start":{"line":62,"column":24},"end":{"line":67,"column":27}},"31":{"start":{"line":69,"column":20},"end":{"line":69,"column":34}},"32":{"start":{"line":72,"column":16},"end":{"line":72,"column":51}},"33":{"start":{"line":77,"column":12},"end":{"line":119,"column":18}},"34":{"start":{"line":78,"column":20},"end":{"line":111,"column":28}},"35":{"start":{"line":79,"column":24},"end":{"line":110,"column":28}},"36":{"start":{"line":118,"column":20},"end":{"line":118,"column":74}},"37":{"start":{"line":122,"column":12},"end":{"line":129,"column":18}},"38":{"start":{"line":123,"column":20},"end":{"line":125,"column":28}},"39":{"start":{"line":124,"column":24},"end":{"line":124,"column":84}},"40":{"start":{"line":128,"column":20},"end":{"line":128,"column":48}},"41":{"start":{"line":132,"column":12},"end":{"line":174,"column":18}},"42":{"start":{"line":133,"column":20},"end":{"line":167,"column":28}},"43":{"start":{"line":134,"column":24},"end":{"line":166,"column":28}},"44":{"start":{"line":172,"column":20},"end":{"line":172,"column":47}}},"fnMap":{"0":{"name":"(anonymous_0)","decl":{"start":{"line":10,"column":8},"end":{"line":10,"column":9}},"loc":{"start":{"line":10,"column":44},"end":{"line":14,"column":9}},"line":10},"1":{"name":"(anonymous_1)","decl":{"start":{"line":15,"column":8},"end":{"line":15,"column":9}},"loc":{"start":{"line":15,"column":46},"end":{"line":25,"column":9}},"line":15},"2":{"name":"(anonymous_2)","decl":{"start":{"line":20,"column":28},"end":{"line":20,"column":29}},"loc":{"start":{"line":20,"column":39},"end":{"line":24,"column":13}},"line":20},"3":{"name":"(anonymous_3)","decl":{"start":{"line":21,"column":44},"end":{"line":21,"column":45}},"loc":{"start":{"line":21,"column":50},"end":{"line":21,"column":69}},"line":21},"4":{"name":"(anonymous_4)","decl":{"start":{"line":26,"column":8},"end":{"line":26,"column":9}},"loc":{"start":{"line":26,"column":38},"end":{"line":31,"column":9}},"line":26},"5":{"name":"(anonymous_5)","decl":{"start":{"line":32,"column":8},"end":{"line":32,"column":9}},"loc":{"start":{"line":32,"column":50},"end":{"line":34,"column":9}},"line":32},"6":{"name":"(anonymous_6)","decl":{"start":{"line":35,"column":8},"end":{"line":35,"column":9}},"loc":{"start":{"line":35,"column":37},"end":{"line":37,"column":9}},"line":35},"7":{"name":"(anonymous_7)","decl":{"start":{"line":38,"column":8},"end":{"line":38,"column":9}},"loc":{"start":{"line":38,"column":46},"end":{"line":41,"column":9}},"line":38},"8":{"name":"(anonymous_8)","decl":{"start":{"line":39,"column":53},"end":{"line":39,"column":54}},"loc":{"start":{"line":39,"column":61},"end":{"line":39,"column":74}},"line":39},"9":{"name":"(anonymous_9)","decl":{"start":{"line":42,"column":8},"end":{"line":42,"column":9}},"loc":{"start":{"line":42,"column":48},"end":{"line":45,"column":9}},"line":42},"10":{"name":"(anonymous_10)","decl":{"start":{"line":43,"column":53},"end":{"line":43,"column":54}},"loc":{"start":{"line":43,"column":61},"end":{"line":43,"column":82}},"line":43},"11":{"name":"(anonymous_11)","decl":{"start":{"line":49,"column":25},"end":{"line":49,"column":26}},"loc":{"start":{"line":49,"column":34},"end":{"line":49,"column":52}},"line":49},"12":{"name":"(anonymous_12)","decl":{"start":{"line":50,"column":29},"end":{"line":50,"column":30}},"loc":{"start":{"line":50,"column":38},"end":{"line":52,"column":9}},"line":50},"13":{"name":"(anonymous_13)","decl":{"start":{"line":51,"column":45},"end":{"line":51,"column":46}},"loc":{"start":{"line":51,"column":59},"end":{"line":51,"column":75}},"line":51},"14":{"name":"(anonymous_14)","decl":{"start":{"line":53,"column":25},"end":{"line":53,"column":26}},"loc":{"start":{"line":53,"column":34},"end":{"line":53,"column":52}},"line":53},"15":{"name":"(anonymous_15)","decl":{"start":{"line":54,"column":22},"end":{"line":54,"column":23}},"loc":{"start":{"line":54,"column":31},"end":{"line":54,"column":46}},"line":54},"16":{"name":"(anonymous_16)","decl":{"start":{"line":57,"column":8},"end":{"line":57,"column":9}},"loc":{"start":{"line":57,"column":34},"end":{"line":74,"column":9}},"line":57},"17":{"name":"(anonymous_17)","decl":{"start":{"line":58,"column":31},"end":{"line":58,"column":32}},"loc":{"start":{"line":58,"column":42},"end":{"line":71,"column":13}},"line":58},"18":{"name":"(anonymous_18)","decl":{"start":{"line":59,"column":27},"end":{"line":59,"column":28}},"loc":{"start":{"line":59,"column":33},"end":{"line":70,"column":17}},"line":59},"19":{"name":"(anonymous_19)","decl":{"start":{"line":71,"column":20},"end":{"line":71,"column":21}},"loc":{"start":{"line":71,"column":27},"end":{"line":73,"column":13}},"line":71},"20":{"name":"(anonymous_20)","decl":{"start":{"line":76,"column":8},"end":{"line":76,"column":9}},"loc":{"start":{"line":76,"column":39},"end":{"line":120,"column":9}},"line":76},"21":{"name":"(anonymous_21)","decl":{"start":{"line":77,"column":31},"end":{"line":77,"column":32}},"loc":{"start":{"line":77,"column":44},"end":{"line":113,"column":17}},"line":77},"22":{"name":"(anonymous_22)","decl":{"start":{"line":78,"column":31},"end":{"line":78,"column":32}},"loc":{"start":{"line":78,"column":37},"end":{"line":111,"column":21}},"line":78},"23":{"name":"(anonymous_23)","decl":{"start":{"line":114,"column":22},"end":{"line":114,"column":23}},"loc":{"start":{"line":114,"column":29},"end":{"line":119,"column":17}},"line":114},"24":{"name":"(anonymous_24)","decl":{"start":{"line":121,"column":8},"end":{"line":121,"column":9}},"loc":{"start":{"line":121,"column":35},"end":{"line":130,"column":9}},"line":121},"25":{"name":"(anonymous_25)","decl":{"start":{"line":122,"column":31},"end":{"line":122,"column":32}},"loc":{"start":{"line":122,"column":44},"end":{"line":126,"column":17}},"line":122},"26":{"name":"(anonymous_26)","decl":{"start":{"line":123,"column":31},"end":{"line":123,"column":32}},"loc":{"start":{"line":123,"column":37},"end":{"line":125,"column":21}},"line":123},"27":{"name":"(anonymous_27)","decl":{"start":{"line":127,"column":22},"end":{"line":127,"column":23}},"loc":{"start":{"line":127,"column":29},"end":{"line":129,"column":17}},"line":127},"28":{"name":"(anonymous_28)","decl":{"start":{"line":131,"column":8},"end":{"line":131,"column":9}},"loc":{"start":{"line":131,"column":34},"end":{"line":175,"column":9}},"line":131},"29":{"name":"(anonymous_29)","decl":{"start":{"line":132,"column":31},"end":{"line":132,"column":32}},"loc":{"start":{"line":132,"column":44},"end":{"line":169,"column":17}},"line":132},"30":{"name":"(anonymous_30)","decl":{"start":{"line":133,"column":31},"end":{"line":133,"column":32}},"loc":{"start":{"line":133,"column":37},"end":{"line":167,"column":21}},"line":133},"31":{"name":"(anonymous_31)","decl":{"start":{"line":170,"column":22},"end":{"line":170,"column":23}},"loc":{"start":{"line":170,"column":29},"end":{"line":174,"column":17}},"line":170}},"branchMap":{"0":{"loc":{"start":{"line":17,"column":12},"end":{"line":19,"column":13}},"type":"if","locations":[{"start":{"line":17,"column":12},"end":{"line":19,"column":13}},{"start":{},"end":{}}],"line":17},"1":{"loc":{"start":{"line":21,"column":16},"end":{"line":23,"column":55}},"type":"if","locations":[{"start":{"line":21,"column":16},"end":{"line":23,"column":55}},{"start":{"line":23,"column":23},"end":{"line":23,"column":55}}],"line":21},"2":{"loc":{"start":{"line":27,"column":12},"end":{"line":29,"column":13}},"type":"if","locations":[{"start":{"line":27,"column":12},"end":{"line":29,"column":13}},{"start":{},"end":{}}],"line":27}},"s":{"0":0,"1":0,"2":0,"3":0,"4":0,"5":0,"6":0,"7":0,"8":0,"9":0,"10":0,"11":0,"12":0,"13":0,"14":0,"15":0,"16":0,"17":0,"18":0,"19":0,"20":0,"21":0,"22":0,"23":0,"24":0,"25":0,"26":0,"27":0,"28":0,"29":0,"30":0,"31":0,"32":0,"33":0,"34":0,"35":0,"36":0,"37":0,"38":0,"39":0,"40":0,"41":0,"42":0,"43":0,"44":0},"f":{"0":0,"1":0,"2":0,"3":0,"4":0,"5":0,"6":0,"7":0,"8":0,"9":0,"10":0,"11":0,"12":0,"13":0,"14":0,"15":0,"16":0,"17":0,"18":0,"19":0,"20":0,"21":0,"22":0,"23":0,"24":0,"25":0,"26":0,"27":0,"28":0,"29":0,"30":0,"31":0},"b":{"0":[0,0],"1":[0,0],"2":[0,0]}}
,"C:\\Users\\Pavel\\Git Projects\\GB Vue course\\gb_vue_project\\src\\views\\Dashboard.vue": {"path":"C:\\Users\\Pavel\\Git Projects\\GB Vue course\\gb_vue_project\\src\\views\\Dashboard.vue","statementMap":{"0":{"start":{"line":22,"column":0},"end":{"line":22,"column":null}},"1":{"start":{"line":24,"column":0},"end":{"line":24,"column":null}},"2":{"start":{"line":26,"column":0},"end":{"line":26,"column":null}},"3":{"start":{"line":37,"column":0},"end":{"line":37,"column":null}},"4":{"start":{"line":47,"column":0},"end":{"line":47,"column":null}},"5":{"start":{"line":48,"column":0},"end":{"line":48,"column":null}},"6":{"start":{"line":51,"column":0},"end":{"line":51,"column":null}},"7":{"start":{"line":57,"column":0},"end":{"line":57,"column":null}},"8":{"start":{"line":61,"column":0},"end":{"line":61,"column":null}},"9":{"start":{"line":62,"column":0},"end":{"line":64,"column":null}},"10":{"start":{"line":63,"column":0},"end":{"line":63,"column":null}},"11":{"start":{"line":64,"column":0},"end":{"line":64,"column":null}},"12":{"start":{"line":72,"column":0},"end":{"line":72,"column":null}},"13":{"start":{"line":73,"column":0},"end":{"line":73,"column":null}},"14":{"start":{"line":88,"column":0},"end":{"line":88,"column":null}},"15":{"start":{"line":89,"column":0},"end":{"line":89,"column":null}},"16":{"start":{"line":96,"column":0},"end":{"line":96,"column":null}},"17":{"start":{"line":97,"column":0},"end":{"line":99,"column":null}},"18":{"start":{"line":98,"column":0},"end":{"line":98,"column":null}},"19":{"start":{"line":100,"column":0},"end":{"line":100,"column":null}},"20":{"start":{"line":101,"column":0},"end":{"line":101,"column":null}}},"fnMap":{"0":{"name":"data","decl":{"start":{"line":36,"column":0},"end":{"line":36,"column":null}},"loc":{"start":{"line":36,"column":0},"end":{"line":44,"column":null}}},"1":{"name":"openChangeItem","decl":{"start":{"line":46,"column":0},"end":{"line":46,"column":null}},"loc":{"start":{"line":46,"column":0},"end":{"line":49,"column":null}}},"2":{"name":"openModal","decl":{"start":{"line":50,"column":0},"end":{"line":50,"column":null}},"loc":{"start":{"line":50,"column":0},"end":{"line":55,"column":null}}},"3":{"name":"addNewPayment","decl":{"start":{"line":56,"column":0},"end":{"line":56,"column":null}},"loc":{"start":{"line":56,"column":0},"end":{"line":59,"column":null}}},"4":{"name":"checkExist","decl":{"start":{"line":60,"column":0},"end":{"line":60,"column":null}},"loc":{"start":{"line":60,"column":0},"end":{"line":65,"column":null}}},"5":{"name":"changePage","decl":{"start":{"line":71,"column":0},"end":{"line":71,"column":null}},"loc":{"start":{"line":71,"column":0},"end":{"line":74,"column":null}}},"6":{"name":"currentElements","decl":{"start":{"line":86,"column":0},"end":{"line":86,"column":null}},"loc":{"start":{"line":86,"column":0},"end":{"line":93,"column":null}}},"7":{"name":"mounted","decl":{"start":{"line":95,"column":0},"end":{"line":95,"column":null}},"loc":{"start":{"line":95,"column":0},"end":{"line":102,"column":null}}}},"branchMap":{"0":{"loc":{"start":{"line":62,"column":0},"end":{"line":64,"column":null}},"type":"if","locations":[{"start":{"line":62,"column":0},"end":{"line":64,"column":null}},{"start":{"line":64,"column":0},"end":{"line":64,"column":null}}]},"1":{"loc":{"start":{"line":97,"column":0},"end":{"line":99,"column":null}},"type":"if","locations":[{"start":{"line":97,"column":0},"end":{"line":99,"column":null}}]}},"s":{"0":0,"1":0,"2":0,"3":0,"4":0,"5":0,"6":0,"7":0,"8":0,"9":0,"10":0,"11":0,"12":0,"13":0,"14":0,"15":0,"16":0,"17":0,"18":0,"19":0,"20":0},"f":{"0":0,"1":0,"2":0,"3":0,"4":0,"5":0,"6":0,"7":0},"b":{"0":[0,0],"1":[0]}}
}
