TN:
SF:.eslintrc.js
FNF:0
FNH:0
DA:1,0
LF:1
LH:0
BRF:0
BRH:0
end_of_record
TN:
SF:babel.config.js
FNF:0
FNH:0
DA:1,0
LF:1
LH:0
BRF:0
BRH:0
end_of_record
TN:
SF:vue.config.js
FNF:0
FNH:0
DA:1,0
LF:1
LH:0
BRF:0
BRH:0
end_of_record
TN:
SF:src\App.vue
FN:50,data
FN:63,onShown
FN:68,onHide
FN:72,openChangeItem
FN:77,closeChangeMenu
FN:81,mounted
FN:87,created
FNF:7
FNH:0
FNDA:0,data
FNDA:0,onShown
FNDA:0,onHide
FNDA:0,openChangeItem
FNDA:0,closeChangeMenu
FNDA:0,mounted
FNDA:0,created
DA:41,0
DA:42,0
DA:51,0
DA:64,0
DA:65,0
DA:69,0
DA:70,0
DA:73,0
DA:74,0
DA:75,0
DA:78,0
DA:82,0
DA:83,0
DA:84,0
DA:89,0
DA:90,0
LF:16
LH:0
BRF:0
BRH:0
end_of_record
TN:
SF:src\main.js
FN:16,(anonymous_0)
FNF:1
FNH:0
FNDA:0,(anonymous_0)
DA:4,0
DA:11,0
DA:12,0
DA:14,0
DA:16,0
LF:5
LH:0
BRF:0
BRH:0
end_of_record
TN:
SF:src\components\AddPaymentForm.vue
FN:18,data
FN:27,getCurrentDate
FN:36,onSaveClick
FN:51,$route
FNF:4
FNH:0
FNDA:0,data
FNDA:0,getCurrentDate
FNDA:0,onSaveClick
FNDA:0,$route
DA:13,0
DA:19,0
DA:28,0
DA:29,0
DA:30,0
DA:31,0
DA:32,0
DA:37,0
DA:38,0
DA:44,0
DA:46,0
DA:52,0
DA:53,0
DA:54,0
DA:57,0
DA:58,0
DA:59,0
DA:62,0
DA:63,0
DA:64,0
DA:65,0
LF:21
LH:0
BRDA:42,0,0,0
BRDA:42,0,1,0
BRDA:44,1,0,0
BRDA:44,2,0,0
BRDA:44,2,1,0
BRDA:44,2,2,0
BRDA:53,3,0,0
BRDA:58,4,0,0
BRDA:62,5,0,0
BRDA:62,6,0,0
BRDA:62,6,1,0
BRF:11
BRH:0
end_of_record
TN:
SF:src\components\Calculator.vue
FN:77,data
FN:103,add
FN:107,substract
FN:111,divide
FN:120,multiply
FN:124,pow
FN:128,intDivision
FN:133,calculate
FN:159,fib
FN:162,enterNum
FN:180,fibb1
FN:183,fibb2
FNF:12
FNH:2
FNDA:1,data
FNDA:0,add
FNDA:0,substract
FNDA:0,divide
FNDA:0,multiply
FNDA:0,pow
FNDA:0,intDivision
FNDA:0,calculate
FNDA:0,fib
FNDA:1,enterNum
FNDA:0,fibb1
FNDA:0,fibb2
DA:74,1
DA:78,1
DA:104,0
DA:105,0
DA:108,0
DA:109,0
DA:112,0
DA:113,0
DA:114,0
DA:116,0
DA:117,0
DA:121,0
DA:122,0
DA:125,0
DA:126,0
DA:129,0
DA:131,0
DA:133,0
DA:134,0
DA:135,0
DA:137,0
DA:138,0
DA:140,0
DA:141,0
DA:143,0
DA:144,0
DA:146,0
DA:147,0
DA:149,0
DA:150,0
DA:152,0
DA:153,0
DA:155,0
DA:156,0
DA:157,0
DA:160,0
DA:163,1
DA:164,0
DA:166,0
DA:167,0
DA:168,0
DA:170,0
DA:171,0
DA:173,1
DA:174,0
DA:176,1
DA:181,0
DA:184,0
LF:48
LH:5
BRDA:113,0,0,0
BRDA:113,0,1,0
BRDA:133,1,0,0
BRDA:133,1,1,0
BRDA:135,2,0,0
BRDA:135,2,1,0
BRDA:135,2,2,0
BRDA:135,2,3,0
BRDA:135,2,4,0
BRDA:135,2,5,0
BRDA:160,3,0,0
BRDA:160,3,1,0
BRDA:163,4,0,0
BRDA:163,4,1,1
BRDA:166,5,0,0
BRDA:166,5,1,0
BRDA:170,6,0,0
BRDA:173,7,0,0
BRDA:173,7,1,1
BRF:19
BRH:2
end_of_record
TN:
SF:src\components\ContextMenu.vue
FN:23,data
FN:35,onShown
FN:41,onClose
FN:46,saveChange
FN:52,mounted
FN:56,beforeDestroy
FNF:6
FNH:0
FNDA:0,data
FNDA:0,onShown
FNDA:0,onClose
FNDA:0,saveChange
FNDA:0,mounted
FNDA:0,beforeDestroy
DA:19,0
DA:24,0
DA:35,0
DA:37,0
DA:38,0
DA:39,0
DA:42,0
DA:43,0
DA:44,0
DA:47,0
DA:48,0
DA:49,0
DA:53,0
DA:54,0
DA:57,0
DA:58,0
LF:16
LH:0
BRF:0
BRH:0
end_of_record
TN:
SF:src\components\ModalWindow.vue
FNF:0
FNH:0
DA:18,0
LF:1
LH:0
BRF:0
BRH:0
end_of_record
TN:
SF:src\components\Pagination.vue
FN:28,onClick
FN:36,countPages
FNF:2
FNH:0
FNDA:0,onClick
FNDA:0,countPages
DA:29,0
DA:30,0
DA:32,0
DA:37,0
DA:38,0
DA:39,0
DA:40,0
LF:7
LH:0
BRDA:29,0,0,0
BRDA:29,1,0,0
BRDA:29,1,1,0
BRDA:38,2,0,0
BRDA:38,2,1,0
BRF:5
BRH:0
end_of_record
TN:
SF:src\components\PaymentsDisplay.vue
FN:28,_default
FN:33,onClickItem
FN:37,action
FN:43,action
FN:51,actionDelete
FNF:5
FNH:0
FNDA:0,_default
FNDA:0,onClickItem
FNDA:0,action
FNDA:0,action
FNDA:0,actionDelete
DA:22,0
DA:28,0
DA:33,0
DA:34,0
DA:38,0
DA:44,0
DA:45,0
DA:49,0
DA:52,0
DA:54,0
LF:10
LH:0
BRF:0
BRH:0
end_of_record
TN:
SF:src\components\SelectCategory.vue
FN:28,data
FN:38,onChange
FN:42,mounted
FNF:3
FNH:0
FNDA:0,data
FNDA:0,onChange
FNDA:0,mounted
DA:19,0
DA:29,0
DA:39,0
DA:43,0
DA:44,0
LF:5
LH:0
BRDA:43,0,0,0
BRF:1
BRH:0
end_of_record
TN:
SF:src\plugins\ContextMenu\index.js
FN:2,(anonymous_0)
FN:13,(anonymous_1)
FN:23,(anonymous_2)
FN:27,(anonymous_3)
FNF:4
FNH:0
FNDA:0,(anonymous_0)
FNDA:0,(anonymous_1)
FNDA:0,(anonymous_2)
FNDA:0,(anonymous_3)
DA:3,0
DA:4,0
DA:7,0
DA:8,0
DA:10,0
DA:15,0
DA:17,0
DA:18,0
DA:19,0
DA:20,0
DA:24,0
DA:25,0
DA:28,0
LF:13
LH:0
BRDA:3,0,0,0
BRDA:3,0,1,0
BRDA:17,1,0,0
BRDA:17,1,1,0
BRF:4
BRH:0
end_of_record
TN:
SF:src\plugins\ModalWindow\index.js
FN:2,(anonymous_0)
FN:12,(anonymous_1)
FN:17,(anonymous_2)
FN:20,(anonymous_3)
FNF:4
FNH:0
FNDA:0,(anonymous_0)
FNDA:0,(anonymous_1)
FNDA:0,(anonymous_2)
FNDA:0,(anonymous_3)
DA:3,0
DA:4,0
DA:7,0
DA:9,0
DA:14,0
DA:18,0
DA:21,0
LF:7
LH:0
BRDA:3,0,0,0
BRDA:3,0,1,0
BRF:2
BRH:0
end_of_record
TN:
SF:src\router\index.js
FNF:0
FNH:0
DA:10,0
DA:12,0
DA:42,0
LF:3
LH:0
BRF:0
BRH:0
end_of_record
TN:
SF:src\store\index.js
FN:10,(anonymous_0)
FN:15,(anonymous_1)
FN:20,(anonymous_2)
FN:21,(anonymous_3)
FN:26,(anonymous_4)
FN:32,(anonymous_5)
FN:35,(anonymous_6)
FN:38,(anonymous_7)
FN:39,(anonymous_8)
FN:42,(anonymous_9)
FN:43,(anonymous_10)
FN:49,(anonymous_11)
FN:50,(anonymous_12)
FN:51,(anonymous_13)
FN:53,(anonymous_14)
FN:54,(anonymous_15)
FN:57,(anonymous_16)
FN:58,(anonymous_17)
FN:59,(anonymous_18)
FN:71,(anonymous_19)
FN:76,(anonymous_20)
FN:77,(anonymous_21)
FN:78,(anonymous_22)
FN:114,(anonymous_23)
FN:121,(anonymous_24)
FN:122,(anonymous_25)
FN:123,(anonymous_26)
FN:127,(anonymous_27)
FN:131,(anonymous_28)
FN:132,(anonymous_29)
FN:133,(anonymous_30)
FN:170,(anonymous_31)
FNF:32
FNH:0
FNDA:0,(anonymous_0)
FNDA:0,(anonymous_1)
FNDA:0,(anonymous_2)
FNDA:0,(anonymous_3)
FNDA:0,(anonymous_4)
FNDA:0,(anonymous_5)
FNDA:0,(anonymous_6)
FNDA:0,(anonymous_7)
FNDA:0,(anonymous_8)
FNDA:0,(anonymous_9)
FNDA:0,(anonymous_10)
FNDA:0,(anonymous_11)
FNDA:0,(anonymous_12)
FNDA:0,(anonymous_13)
FNDA:0,(anonymous_14)
FNDA:0,(anonymous_15)
FNDA:0,(anonymous_16)
FNDA:0,(anonymous_17)
FNDA:0,(anonymous_18)
FNDA:0,(anonymous_19)
FNDA:0,(anonymous_20)
FNDA:0,(anonymous_21)
FNDA:0,(anonymous_22)
FNDA:0,(anonymous_23)
FNDA:0,(anonymous_24)
FNDA:0,(anonymous_25)
FNDA:0,(anonymous_26)
FNDA:0,(anonymous_27)
FNDA:0,(anonymous_28)
FNDA:0,(anonymous_29)
FNDA:0,(anonymous_30)
FNDA:0,(anonymous_31)
DA:4,0
DA:13,0
DA:17,0
DA:18,0
DA:20,0
DA:21,0
DA:22,0
DA:23,0
DA:27,0
DA:28,0
DA:30,0
DA:33,0
DA:36,0
DA:39,0
DA:40,0
DA:43,0
DA:44,0
DA:49,0
DA:51,0
DA:53,0
DA:54,0
DA:58,0
DA:59,0
DA:60,0
DA:61,0
DA:62,0
DA:69,0
DA:72,0
DA:77,0
DA:78,0
DA:79,0
DA:118,0
DA:122,0
DA:123,0
DA:124,0
DA:128,0
DA:132,0
DA:133,0
DA:134,0
DA:172,0
LF:40
LH:0
BRDA:17,0,0,0
BRDA:17,0,1,0
BRDA:21,1,0,0
BRDA:21,1,1,0
BRDA:27,2,0,0
BRDA:27,2,1,0
BRF:6
BRH:0
end_of_record
TN:
SF:src\views\Dashboard.vue
FN:36,data
FN:46,openChangeItem
FN:50,openModal
FN:56,addNewPayment
FN:60,checkExist
FN:71,changePage
FN:86,currentElements
FN:95,mounted
FNF:8
FNH:0
FNDA:0,data
FNDA:0,openChangeItem
FNDA:0,openModal
FNDA:0,addNewPayment
FNDA:0,checkExist
FNDA:0,changePage
FNDA:0,currentElements
FNDA:0,mounted
DA:22,0
DA:24,0
DA:26,0
DA:37,0
DA:47,0
DA:48,0
DA:51,0
DA:57,0
DA:61,0
DA:62,0
DA:63,0
DA:64,0
DA:72,0
DA:73,0
DA:88,0
DA:89,0
DA:96,0
DA:97,0
DA:98,0
DA:100,0
DA:101,0
LF:21
LH:0
BRDA:62,0,0,0
BRDA:62,0,1,0
BRDA:97,1,0,0
BRF:3
BRH:0
end_of_record
